1730796839302|5|statement|select * from information_schema.sequences
1730796839349|2|statement|select * from "public"."projet" where 1=0
1730796839363|1|statement|select * from "public"."users" where 1=0
1730796839381|1|statement|select * from "public"."projet" where 1=0
1730796839385|1|statement|select * from "public"."users" where 1=0
1730796869347|5|statement|select * from information_schema.sequences
1730796869387|1|statement|select * from "public"."projet" where 1=0
1730796869397|1|statement|select * from "public"."users" where 1=0
1730796869415|1|statement|select * from "public"."projet" where 1=0
1730796869420|1|statement|select * from "public"."users" where 1=0
1730797036210|2|statement|select u1_0.users_id,u1_0.email,u1_0.name from users u1_0
1730797036215|1|commit|
1730797052303|1|statement|select u1_0.users_id,u1_0.email,u1_0.name from users u1_0
1730797052306|2|commit|
1730797090210|1|statement|select u1_0.users_id,u1_0.email,u1_0.name,t1_0.task_id,t1_0.projet_id,t1_0.status,t1_0.title from users u1_0 left join task t1_0 on u1_0.users_id=t1_0.users_id where u1_0.users_id=0
1730797090212|0|commit|
1730797112992|4|statement|insert into users (email,name) values ('string','string')
1730797113003|1|statement|insert into projet (description,name) values ('string','string')
1730797113009|3|statement|insert into task (projet_id,status,title,users_id) values (1,'string','string',NULL)
1730797113033|1|statement|insert into users_projet (users_id,projet_id) values (1,1)
1730797113040|4|commit|
1730797117993|2|statement|select u1_0.users_id,u1_0.email,u1_0.name from users u1_0
1730797118005|1|statement|select t1_0.task_id,t1_0.projet_id,t1_0.status,t1_0.title,t1_0.users_id from task t1_0 where t1_0.users_id=1
1730797118011|1|commit|
1730797118018|1|statement|select p1_0.users_id,p1_1.projet_id,p1_1.description,p1_1.name from users_projet p1_0 join projet p1_1 on p1_1.projet_id=p1_0.projet_id where p1_0.users_id=1
1730797118021|1|statement|select t1_0.projet_id,t1_0.task_id,t1_0.status,t1_0.title,t1_0.users_id from task t1_0 where t1_0.projet_id=1
1730797168307|5|statement|select * from information_schema.sequences
1730797168347|1|statement|select * from "public"."projet" where 1=0
1730797168355|1|statement|select * from "public"."users" where 1=0
1730797168374|0|statement|select * from "public"."projet" where 1=0
1730797168378|1|statement|select * from "public"."users" where 1=0
1730797213293|5|statement|select * from information_schema.sequences
1730797213333|1|statement|select * from "public"."projet" where 1=0
1730797213341|1|statement|select * from "public"."users" where 1=0
1730797213357|0|statement|select * from "public"."projet" where 1=0
1730797213361|0|statement|select * from "public"."users" where 1=0
1730797225853|2|statement|select u1_0.users_id,u1_0.email,u1_0.name from users u1_0
1730797225881|1|statement|select t1_0.task_id,t1_0.projet_id,t1_0.status,t1_0.title,t1_0.users_id from task t1_0 where t1_0.users_id=1
1730797225893|1|commit|
1730797225902|1|statement|select p1_0.users_id,p1_1.projet_id,p1_1.description,p1_1.name from users_projet p1_0 join projet p1_1 on p1_1.projet_id=p1_0.projet_id where p1_0.users_id=1
1730797225909|1|statement|select t1_0.projet_id,t1_0.task_id,t1_0.status,t1_0.title,t1_0.users_id from task t1_0 where t1_0.projet_id=1
